<?xml version="1.0" encoding="UTF-8"?>
<!-- Generated by org.testng.reporters.JUnitXMLReporter -->
<testsuite ignored="0" hostname="DESKTOP-M0UH53U" failures="0" tests="3" name="Mutual - Test" time="19.087" errors="0" timestamp="2022-10-02T10:47:44 IST">
  <testcase classname="com.itview.testng.LoginTestScenario" name="loginAdmin" time="7.24"/>
  <testcase classname="com.itview.testng.LoginTestScenario" name="loginTestUser" time="4.874"/>
  <testcase classname="com.itview.testng.LoginTestScenario" name="loginInvalidUser" time="1.26"/>
</testsuite> <!-- Mutual - Test -->
